1    2016-12-28 15:19:09    ERROR      open fail
2    2016-12-28 15:19:09    SEARCH     zhangfei guanyu
3    2016-12-28 15:19:09    SCANWEB    www.baidu.com
4    2016-12-28 15:19:09    ERROR      open fail
5    2016-12-28 15:19:09    SEARCH     zhangfei guanyu
6    2016-12-28 15:19:09    SCANWEB    www.baidu.com
7    2016-12-28 15:19:09    ERROR      open fail
8    2016-12-28 15:19:09    SEARCH     zhangfei guanyu
9    2016-12-28 15:19:09    SCANWEB    www.baidu.com
10   2016-12-28 15:19:09    ERROR      open fail
11   2016-12-28 15:36:08    SEARCH     Hello world
12   2016-12-28 16:18:25    SEARCH     Haha dfsd
13   2016-12-28 16:46:25    ERROR      Open config.ini failed
14   2016-12-28 16:46:40    SEARCH     zhangfei guanyu
15   2016-12-28 16:46:40    SCANWEB    www.baidu.com
16   2016-12-28 16:46:40    ERROR      open fail
17   2016-12-28 16:46:40    SEARCH     zhangfei guanyu
18   2016-12-28 16:46:40    SCANWEB    www.baidu.com
19   2016-12-28 16:46:40    ERROR      open fail
20   2016-12-28 16:46:40    SEARCH     zhangfei guanyu
21   2016-12-28 16:46:40    SCANWEB    www.baidu.com
22   2016-12-28 16:46:40    ERROR      open fail
23   2016-12-28 16:46:40    SEARCH     zhangfei guanyu
24   2016-12-28 16:46:40    SCANWEB    www.baidu.com
25   2016-12-28 16:46:40    ERROR      open fail
26   2016-12-28 16:46:40    SEARCH     zhangfei guanyu
27   2016-12-28 16:46:40    SCANWEB    www.baidu.com
28   2016-12-28 16:46:40    ERROR      open fail
29   2016-12-28 16:46:40    SEARCH     zhangfei guanyu
30   2016-12-28 16:46:40    SCANWEB    www.baidu.com
31   2016-12-28 16:46:40    ERROR      open fail
32   2016-12-28 16:46:40    SEARCH     zhangfei guanyu
33   2016-12-28 16:46:40    SCANWEB    www.baidu.com
34   2016-12-28 16:46:40    ERROR      open fail
35   2016-12-28 16:46:40    SEARCH     zhangfei guanyu
36   2016-12-28 16:46:40    SCANWEB    www.baidu.com
37   2016-12-28 16:46:40    ERROR      open fail
38   2016-12-28 16:46:40    SEARCH     zhangfei guanyu
39   2016-12-28 16:46:40    SCANWEB    www.baidu.com
40   2016-12-28 16:46:40    ERROR      open fail
41   2016-12-28 16:46:40    SEARCH     zhangfei guanyu
42   2016-12-28 16:46:40    SCANWEB    www.baidu.com
43   2016-12-28 16:46:40    ERROR      open fail
44   2016-12-28 17:09:45    SEARCH     Haha
45   2016-12-28 17:12:18    SEARCH     csdn
46   2016-12-28 17:12:50    SEARCH     1
47   2016-12-28 17:15:04    SEARCH     1
48   2016-12-28 17:15:16    SEARCH     4
49   2016-12-28 17:19:07    SEARCH     1
50   2016-12-28 17:19:45    DOWNLOAD   http://www.sohu.com
51   2016-12-28 17:20:43    DOWNLOAD   http://www.sina.com
